<?xml version="1.0" encoding="UTF-8"?>
<!-- Generated by org.testng.reporters.JUnitReportReporter -->
<testsuite hostname="LAPTOP-C2Q8BJ3N" failures="0" tests="4" name="com.tutorialsninja.testCases.Register" time="19.712" errors="0" timestamp="25 May 2024 13:46:01 GMT" skipped="0">
  <testcase classname="com.tutorialsninja.testCases.Register" name="verifyRegisterAccountWithOnlyMandatoryFields" time="5.143"/>
  <testcase classname="com.tutorialsninja.testCases.Register" name="verifyRegisterAccountWithAllFileds" time="5.342"/>
  <testcase classname="com.tutorialsninja.testCases.Register" name="verifyRegisterAccountWithYesOptionIsSelectedForNewsletterFiled" time="4.919"/>
  <testcase classname="com.tutorialsninja.testCases.Register" name="verifyDifferentWaysOfNavigatingToRegisterAccountPage" time="4.308"/>
</testsuite> <!-- com.tutorialsninja.testCases.Register -->
