<?xml version="1.0" encoding="UTF-8"?>
<!-- Generated by org.testng.reporters.JUnitReportReporter -->
<testsuite hostname="LAPTOP-C2Q8BJ3N" failures="0" tests="5" name="com.tutorialsninja.testCases.Login" time="19.132" errors="0" timestamp="25 May 2024 13:46:01 GMT" skipped="0">
  <testcase classname="com.tutorialsninja.testCases.Login" name="verifyLoginWithValidCredentials" time="3.680"/>
  <testcase classname="com.tutorialsninja.testCases.Login" name="verifyLoginWithInvalidCredentials" time="3.733"/>
  <testcase classname="com.tutorialsninja.testCases.Login" name="verifyloginWithInvalidEmailAndValidPassword" time="4.570"/>
  <testcase classname="com.tutorialsninja.testCases.Login" name="verifyLoginWithValidEmailAndInvalidPassword" time="3.836"/>
  <testcase classname="com.tutorialsninja.testCases.Login" name="verifyloginWithoutCredentials" time="3.313"/>
</testsuite> <!-- com.tutorialsninja.testCases.Login -->
